<?xml version="1.0" encoding="UTF-8"?>
<testrun name="TestVariable.setVar" project="JBMP" tests="1" started="1" failures="0" errors="1" ignored="0">
  <testcase name="setVar" classname="com.cblue.jbpm01.TestVariable" time="2.769">
    <error>org.jbpm.api.JbpmException: No unnamed transitions were found for the task '部门经理审批'
	at org.jbpm.jpdl.internal.activity.TaskActivity.signal(TaskActivity.java:159)
	at org.jbpm.jpdl.internal.activity.TaskActivity.signal(TaskActivity.java:116)
	at org.jbpm.pvm.internal.model.op.Signal.perform(Signal.java:70)
	at org.jbpm.pvm.internal.model.ExecutionImpl.performAtomicOperationSync(ExecutionImpl.java:672)
	at org.jbpm.pvm.internal.model.ExecutionImpl.performAtomicOperation(ExecutionImpl.java:632)
	at org.jbpm.pvm.internal.model.ExecutionImpl.signal(ExecutionImpl.java:430)
	at org.jbpm.pvm.internal.model.ExecutionImpl.signal(ExecutionImpl.java:416)
	at sun.reflect.NativeMethodAccessorImpl.invoke0(Native Method)
	at sun.reflect.NativeMethodAccessorImpl.invoke(NativeMethodAccessorImpl.java:57)
	at sun.reflect.DelegatingMethodAccessorImpl.invoke(DelegatingMethodAccessorImpl.java:43)
	at java.lang.reflect.Method.invoke(Method.java:606)
	at org.hibernate.proxy.pojo.javassist.JavassistLazyInitializer.invoke(JavassistLazyInitializer.java:197)
	at org.jbpm.pvm.internal.model.ExecutionImpl_$$_javassist_5.signal(ExecutionImpl_$$_javassist_5.java)
	at org.jbpm.pvm.internal.task.TaskImpl.complete(TaskImpl.java:201)
	at org.jbpm.pvm.internal.cmd.CompleteTaskCmd.execute(CompleteTaskCmd.java:65)
	at org.jbpm.pvm.internal.cmd.CompleteTaskCmd.execute(CompleteTaskCmd.java:32)
	at org.jbpm.pvm.internal.cmd.CompositeCmd.execute(CompositeCmd.java:42)
	at org.jbpm.pvm.internal.cmd.CompositeCmd.execute(CompositeCmd.java:34)
	at org.jbpm.pvm.internal.svc.DefaultCommandService.execute(DefaultCommandService.java:42)
	at org.jbpm.pvm.internal.tx.StandardTransactionInterceptor.execute(StandardTransactionInterceptor.java:50)
	at org.jbpm.pvm.internal.svc.EnvironmentInterceptor.executeInNewEnvironment(EnvironmentInterceptor.java:53)
	at org.jbpm.pvm.internal.svc.EnvironmentInterceptor.execute(EnvironmentInterceptor.java:40)
	at org.jbpm.pvm.internal.svc.RetryInterceptor.execute(RetryInterceptor.java:56)
	at org.jbpm.pvm.internal.svc.SkipInterceptor.execute(SkipInterceptor.java:43)
	at org.jbpm.pvm.internal.svc.TaskServiceImpl.completeTask(TaskServiceImpl.java:105)
	at org.jbpm.pvm.internal.svc.TaskServiceImpl.completeTask(TaskServiceImpl.java:92)
	at com.cblue.jbpm01.TestVariable.setVar(TestVariable.java:82)
	at sun.reflect.NativeMethodAccessorImpl.invoke0(Native Method)
	at sun.reflect.NativeMethodAccessorImpl.invoke(NativeMethodAccessorImpl.java:57)
	at sun.reflect.DelegatingMethodAccessorImpl.invoke(DelegatingMethodAccessorImpl.java:43)
	at java.lang.reflect.Method.invoke(Method.java:606)
	at org.junit.runners.model.FrameworkMethod$1.runReflectiveCall(FrameworkMethod.java:44)
	at org.junit.internal.runners.model.ReflectiveCallable.run(ReflectiveCallable.java:15)
	at org.junit.runners.model.FrameworkMethod.invokeExplosively(FrameworkMethod.java:41)
	at org.junit.internal.runners.statements.InvokeMethod.evaluate(InvokeMethod.java:20)
	at org.junit.internal.runners.statements.RunBefores.evaluate(RunBefores.java:28)
	at org.junit.runners.BlockJUnit4ClassRunner.runNotIgnored(BlockJUnit4ClassRunner.java:79)
	at org.junit.runners.BlockJUnit4ClassRunner.runChild(BlockJUnit4ClassRunner.java:71)
	at org.junit.runners.BlockJUnit4ClassRunner.runChild(BlockJUnit4ClassRunner.java:49)
	at org.junit.runners.ParentRunner$3.run(ParentRunner.java:193)
	at org.junit.runners.ParentRunner$1.schedule(ParentRunner.java:52)
	at org.junit.runners.ParentRunner.runChildren(ParentRunner.java:191)
	at org.junit.runners.ParentRunner.access$000(ParentRunner.java:42)
	at org.junit.runners.ParentRunner$2.evaluate(ParentRunner.java:184)
	at org.junit.runners.ParentRunner.run(ParentRunner.java:236)
	at org.eclipse.jdt.internal.junit4.runner.JUnit4TestReference.run(JUnit4TestReference.java:50)
	at org.eclipse.jdt.internal.junit.runner.TestExecution.run(TestExecution.java:38)
	at org.eclipse.jdt.internal.junit.runner.RemoteTestRunner.runTests(RemoteTestRunner.java:467)
	at org.eclipse.jdt.internal.junit.runner.RemoteTestRunner.runTests(RemoteTestRunner.java:683)
	at org.eclipse.jdt.internal.junit.runner.RemoteTestRunner.run(RemoteTestRunner.java:390)
	at org.eclipse.jdt.internal.junit.runner.RemoteTestRunner.main(RemoteTestRunner.java:197)

</error>
  </testcase>
</testrun>
