<?xml version="1.0" encoding="UTF-8"?>
<testrun name="TestJBPM.testSkipTask" project="JBMP" tests="1" started="1" failures="0" errors="1" ignored="0">
  <testcase name="testSkipTask" classname="com.cblue.jbpm01.TestJBPM" time="2.337">
    <error>org.jbpm.api.JbpmException: No transition named 'to task3' was found.
	at org.jbpm.jpdl.internal.activity.TaskActivity.signal(TaskActivity.java:174)
	at org.jbpm.jpdl.internal.activity.TaskActivity.signal(TaskActivity.java:116)
	at org.jbpm.pvm.internal.model.op.Signal.perform(Signal.java:70)
	at org.jbpm.pvm.internal.model.ExecutionImpl.performAtomicOperationSync(ExecutionImpl.java:672)
	at org.jbpm.pvm.internal.model.ExecutionImpl.performAtomicOperation(ExecutionImpl.java:632)
	at org.jbpm.pvm.internal.model.ExecutionImpl.signal(ExecutionImpl.java:430)
	at org.jbpm.pvm.internal.cmd.SignalCmd.execute(SignalCmd.java:61)
	at org.jbpm.pvm.internal.cmd.SignalCmd.execute(SignalCmd.java:35)
	at org.jbpm.pvm.internal.svc.DefaultCommandService.execute(DefaultCommandService.java:42)
	at org.jbpm.pvm.internal.tx.StandardTransactionInterceptor.execute(StandardTransactionInterceptor.java:50)
	at org.jbpm.pvm.internal.svc.EnvironmentInterceptor.executeInNewEnvironment(EnvironmentInterceptor.java:53)
	at org.jbpm.pvm.internal.svc.EnvironmentInterceptor.execute(EnvironmentInterceptor.java:40)
	at org.jbpm.pvm.internal.svc.RetryInterceptor.execute(RetryInterceptor.java:56)
	at org.jbpm.pvm.internal.svc.SkipInterceptor.execute(SkipInterceptor.java:43)
	at org.jbpm.pvm.internal.svc.ExecutionServiceImpl.signalExecutionById(ExecutionServiceImpl.java:89)
	at com.cblue.jbpm01.TestJBPM.testSkipTask(TestJBPM.java:174)
	at sun.reflect.NativeMethodAccessorImpl.invoke0(Native Method)
	at sun.reflect.NativeMethodAccessorImpl.invoke(NativeMethodAccessorImpl.java:57)
	at sun.reflect.DelegatingMethodAccessorImpl.invoke(DelegatingMethodAccessorImpl.java:43)
	at java.lang.reflect.Method.invoke(Method.java:606)
	at org.junit.runners.model.FrameworkMethod$1.runReflectiveCall(FrameworkMethod.java:44)
	at org.junit.internal.runners.model.ReflectiveCallable.run(ReflectiveCallable.java:15)
	at org.junit.runners.model.FrameworkMethod.invokeExplosively(FrameworkMethod.java:41)
	at org.junit.internal.runners.statements.InvokeMethod.evaluate(InvokeMethod.java:20)
	at org.junit.internal.runners.statements.RunBefores.evaluate(RunBefores.java:28)
	at org.junit.runners.BlockJUnit4ClassRunner.runNotIgnored(BlockJUnit4ClassRunner.java:79)
	at org.junit.runners.BlockJUnit4ClassRunner.runChild(BlockJUnit4ClassRunner.java:71)
	at org.junit.runners.BlockJUnit4ClassRunner.runChild(BlockJUnit4ClassRunner.java:49)
	at org.junit.runners.ParentRunner$3.run(ParentRunner.java:193)
	at org.junit.runners.ParentRunner$1.schedule(ParentRunner.java:52)
	at org.junit.runners.ParentRunner.runChildren(ParentRunner.java:191)
	at org.junit.runners.ParentRunner.access$000(ParentRunner.java:42)
	at org.junit.runners.ParentRunner$2.evaluate(ParentRunner.java:184)
	at org.junit.runners.ParentRunner.run(ParentRunner.java:236)
	at org.eclipse.jdt.internal.junit4.runner.JUnit4TestReference.run(JUnit4TestReference.java:50)
	at org.eclipse.jdt.internal.junit.runner.TestExecution.run(TestExecution.java:38)
	at org.eclipse.jdt.internal.junit.runner.RemoteTestRunner.runTests(RemoteTestRunner.java:467)
	at org.eclipse.jdt.internal.junit.runner.RemoteTestRunner.runTests(RemoteTestRunner.java:683)
	at org.eclipse.jdt.internal.junit.runner.RemoteTestRunner.run(RemoteTestRunner.java:390)
	at org.eclipse.jdt.internal.junit.runner.RemoteTestRunner.main(RemoteTestRunner.java:197)

</error>
  </testcase>
</testrun>
