<?xml version="1.0" encoding="UTF-8"?>
<testrun name="TestForkJoin.deployProcess" project="JBMP" tests="1" started="1" failures="0" errors="1" ignored="0">
  <testcase name="deployProcess" classname="com.cblue.jbpm05.TestForkJoin" time="3.224">
    <error>org.jbpm.api.JbpmException: 
  error: duplicate task name 实训阶段 
  error: duplicate task name 基础阶段 
	at org.jbpm.pvm.internal.xml.ProblemList.getJbpmException(ProblemList.java:175)
	at org.jbpm.pvm.internal.xml.ProblemList.getJbpmException(ProblemList.java:141)
	at org.jbpm.pvm.internal.repository.DeployerManager.deploy(DeployerManager.java:50)
	at org.jbpm.pvm.internal.repository.RepositorySessionImpl.deploy(RepositorySessionImpl.java:62)
	at org.jbpm.pvm.internal.cmd.DeployCmd.execute(DeployCmd.java:47)
	at org.jbpm.pvm.internal.cmd.DeployCmd.execute(DeployCmd.java:33)
	at org.jbpm.pvm.internal.svc.DefaultCommandService.execute(DefaultCommandService.java:42)
	at org.jbpm.pvm.internal.tx.StandardTransactionInterceptor.execute(StandardTransactionInterceptor.java:50)
	at org.jbpm.pvm.internal.svc.EnvironmentInterceptor.executeInNewEnvironment(EnvironmentInterceptor.java:53)
	at org.jbpm.pvm.internal.svc.EnvironmentInterceptor.execute(EnvironmentInterceptor.java:40)
	at org.jbpm.pvm.internal.svc.RetryInterceptor.execute(RetryInterceptor.java:56)
	at org.jbpm.pvm.internal.svc.SkipInterceptor.execute(SkipInterceptor.java:43)
	at org.jbpm.pvm.internal.repository.DeploymentImpl.deploy(DeploymentImpl.java:90)
	at com.cblue.jbpm05.TestForkJoin.deployProcess(TestForkJoin.java:30)
	at sun.reflect.NativeMethodAccessorImpl.invoke0(Native Method)
	at sun.reflect.NativeMethodAccessorImpl.invoke(NativeMethodAccessorImpl.java:57)
	at sun.reflect.DelegatingMethodAccessorImpl.invoke(DelegatingMethodAccessorImpl.java:43)
	at java.lang.reflect.Method.invoke(Method.java:606)
	at org.junit.runners.model.FrameworkMethod$1.runReflectiveCall(FrameworkMethod.java:44)
	at org.junit.internal.runners.model.ReflectiveCallable.run(ReflectiveCallable.java:15)
	at org.junit.runners.model.FrameworkMethod.invokeExplosively(FrameworkMethod.java:41)
	at org.junit.internal.runners.statements.InvokeMethod.evaluate(InvokeMethod.java:20)
	at org.junit.internal.runners.statements.RunBefores.evaluate(RunBefores.java:28)
	at org.junit.runners.BlockJUnit4ClassRunner.runNotIgnored(BlockJUnit4ClassRunner.java:79)
	at org.junit.runners.BlockJUnit4ClassRunner.runChild(BlockJUnit4ClassRunner.java:71)
	at org.junit.runners.BlockJUnit4ClassRunner.runChild(BlockJUnit4ClassRunner.java:49)
	at org.junit.runners.ParentRunner$3.run(ParentRunner.java:193)
	at org.junit.runners.ParentRunner$1.schedule(ParentRunner.java:52)
	at org.junit.runners.ParentRunner.runChildren(ParentRunner.java:191)
	at org.junit.runners.ParentRunner.access$000(ParentRunner.java:42)
	at org.junit.runners.ParentRunner$2.evaluate(ParentRunner.java:184)
	at org.junit.runners.ParentRunner.run(ParentRunner.java:236)
	at org.eclipse.jdt.internal.junit4.runner.JUnit4TestReference.run(JUnit4TestReference.java:50)
	at org.eclipse.jdt.internal.junit.runner.TestExecution.run(TestExecution.java:38)
	at org.eclipse.jdt.internal.junit.runner.RemoteTestRunner.runTests(RemoteTestRunner.java:467)
	at org.eclipse.jdt.internal.junit.runner.RemoteTestRunner.runTests(RemoteTestRunner.java:683)
	at org.eclipse.jdt.internal.junit.runner.RemoteTestRunner.run(RemoteTestRunner.java:390)
	at org.eclipse.jdt.internal.junit.runner.RemoteTestRunner.main(RemoteTestRunner.java:197)

</error>
  </testcase>
</testrun>
